AndroidPlatformFactory.RegisterBuildPlatforms: UnrealBuildTool.AndroidPlatformSDK has no valid SDK
IOSPlatformFactory.RegisterBuildPlatforms: UnrealBuildTool.IOSPlatformSDK has no valid SDK
HTML5PlatformFactory.RegisterBuildPlatforms: UnrealBuildTool.HTML5PlatformSDK using manually installed SDK
LinuxPlatformFactory.RegisterBuildPlatforms: UnrealBuildTool.LinuxPlatformSDK has no valid SDK
WindowsPlatformFactory.RegisterBuildPlatforms: UnrealBuildTool.WindowsPlatformSDK using manually installed SDK
ProjectFileGenerator.GenerateProjectFiles: Discovering modules, targets and source code for project...
WindowsPlatform.FindVSInstallDirs: Found Visual Studio installation: C:\Program Files (x86)\Microsoft Visual Studio\2019\Community (Product=Microsoft.VisualStudio.Product.Community, Version=16.3.29409.12, Sort=0)
WindowsPlatform.FindToolChainDirs: Found Visual Studio toolchain: C:\Program Files (x86)\Microsoft Visual Studio\2019\Community\VC\Tools\MSVC\14.23.28105 (Version=14.23.28105)
WindowsPlatform.UpdateCachedWindowsSdks: Found Windows 8.1 SDK at C:\Program Files (x86)\Windows Kits\8.1
WindowsPlatform.EnumerateSdkRootDirs: Found Windows 10 SDK root at C:\Program Files (x86)\Windows Kits\10 (1)
WindowsPlatform.EnumerateSdkRootDirs: Found Windows 10 SDK root at C:\Program Files (x86)\Windows Kits\10 (2)
WindowsPlatform.UpdateCachedWindowsSdks: Found Universal CRT version 10.0.10240.0 at C:\Program Files (x86)\Windows Kits\10
WindowsPlatform.UpdateCachedWindowsSdks: Found Windows 10 SDK version 10.0.17134.0 at C:\Program Files (x86)\Windows Kits\10
WindowsPlatform.UpdateCachedWindowsSdks: Found Universal CRT version 10.0.17134.0 at C:\Program Files (x86)\Windows Kits\10
WindowsPlatform.UpdateCachedWindowsSdks: Found Windows 10 SDK version 10.0.17763.0 at C:\Program Files (x86)\Windows Kits\10
WindowsPlatform.UpdateCachedWindowsSdks: Found Universal CRT version 10.0.17763.0 at C:\Program Files (x86)\Windows Kits\10
WindowsPlatform.UpdateCachedWindowsSdks: Found Windows 10 SDK version 10.0.18362.0 at C:\Program Files (x86)\Windows Kits\10
WindowsPlatform.UpdateCachedWindowsSdks: Found Universal CRT version 10.0.18362.0 at C:\Program Files (x86)\Windows Kits\10
DynamicCompilation.RequiresCompilation: Compiling D:\git\ExampleGame\Intermediate\Build\BuildRules\GoogleTestAppModuleRules.dll: D:\git\ExampleGame\Source\ThirdParty\GoogleTest\GoogleTest.Build.cs is newer
Log.PushStatus: Binding IntelliSense data...
ProgressWriter.Write: @progress 'Binding IntelliSense data...' 0%
UEBuildTarget.AddPlugin: Enabling plugin 'Paper2D' (referenced via default plugins)
UEBuildTarget.AddPlugin: Enabling plugin 'AISupport' (referenced via default plugins)
UEBuildTarget.AddPlugin: Enabling plugin 'LightPropagationVolume' (referenced via default plugins)
UEBuildTarget.AddPlugin: Enabling plugin 'ActorLayerUtilities' (referenced via default plugins)
UEBuildTarget.AddPlugin: Enabling plugin 'AnimationSharing' (referenced via default plugins)
UEBuildTarget.AddPlugin: Enabling plugin 'SignificanceManager' (referenced via default plugins -> AnimationSharing.uplugin)
UEBuildTarget.AddPlugin: Enabling plugin 'CLionSourceCodeAccess' (referenced via default plugins)
UEBuildTarget.AddPlugin: Enabling plugin 'CodeLiteSourceCodeAccess' (referenced via default plugins)
UEBuildTarget.AddPlugin: Enabling plugin 'GitSourceControl' (referenced via default plugins)
UEBuildTarget.AddPlugin: Enabling plugin 'KDevelopSourceCodeAccess' (referenced via default plugins)
UEBuildTarget.AddPlugin: Enabling plugin 'NullSourceCodeAccess' (referenced via default plugins)
UEBuildTarget.AddPlugin: Enabling plugin 'PerforceSourceControl' (referenced via default plugins)
UEBuildTarget.AddPlugin: Enabling plugin 'SubversionSourceControl' (referenced via default plugins)
UEBuildTarget.AddPlugin: Enabling plugin 'UObjectPlugin' (referenced via default plugins)
UEBuildTarget.AddPlugin: Enabling plugin 'VisualStudioCodeSourceCodeAccess' (referenced via default plugins)
UEBuildTarget.AddPlugin: Enabling plugin 'VisualStudioSourceCodeAccess' (referenced via default plugins)
UEBuildTarget.AddPlugin: Enabling plugin 'XCodeSourceCodeAccess' (referenced via default plugins)
UEBuildTarget.AddPlugin: Enabling plugin 'AssetManagerEditor' (referenced via default plugins)
UEBuildTarget.AddPlugin: Enabling plugin 'CryptoKeys' (referenced via default plugins)
UEBuildTarget.AddPlugin: Enabling plugin 'DataValidation' (referenced via default plugins)
UEBuildTarget.AddPlugin: Enabling plugin 'FacialAnimation' (referenced via default plugins)
UEBuildTarget.AddPlugin: Enabling plugin 'GameplayTagsEditor' (referenced via default plugins)
UEBuildTarget.AddPlugin: Enabling plugin 'MacGraphicsSwitching' (referenced via default plugins)
UEBuildTarget.AddPlugin: Enabling plugin 'MaterialAnalyzer' (referenced via default plugins)
UEBuildTarget.AddPlugin: Enabling plugin 'MobileLauncherProfileWizard' (referenced via default plugins)
UEBuildTarget.AddPlugin: Enabling plugin 'PluginBrowser' (referenced via default plugins)
UEBuildTarget.AddPlugin: Enabling plugin 'SpeedTreeImporter' (referenced via default plugins)
UEBuildTarget.AddPlugin: Enabling plugin 'DatasmithContent' (referenced via default plugins)
UEBuildTarget.AddPlugin: Enabling plugin 'VariantManagerContent' (referenced via default plugins)
UEBuildTarget.AddPlugin: Enabling plugin 'AlembicImporter' (referenced via default plugins)
UEBuildTarget.AddPlugin: Enabling plugin 'GeometryCache' (referenced via default plugins -> AlembicImporter.uplugin)
UEBuildTarget.AddPlugin: Enabling plugin 'AppleImageUtils' (referenced via default plugins)
UEBuildTarget.AddPlugin: Enabling plugin 'AppleVision' (referenced via default plugins)
UEBuildTarget.AddPlugin: Enabling plugin 'BackChannel' (referenced via default plugins)
UEBuildTarget.AddPlugin: Enabling plugin 'CharacterAI' (referenced via default plugins)
UEBuildTarget.AddPlugin: Enabling plugin 'HTML5Networking' (referenced via default plugins)
UEBuildTarget.AddPlugin: Enabling plugin 'ProxyLODPlugin' (referenced via default plugins)
UEBuildTarget.AddPlugin: Enabling plugin 'SkeletalReduction' (referenced via default plugins)
UEBuildTarget.AddPlugin: Enabling plugin 'MagicLeapMedia' (referenced via default plugins)
UEBuildTarget.AddPlugin: Enabling plugin 'MagicLeap' (referenced via default plugins -> MagicLeapMedia.uplugin)
UEBuildTarget.AddPlugin: Enabling plugin 'ProceduralMeshComponent' (referenced via default plugins -> MagicLeapMedia.uplugin -> MagicLeap.uplugin)
UEBuildTarget.AddPlugin: Enabling plugin 'AndroidMedia' (referenced via default plugins)
UEBuildTarget.AddPlugin: Enabling plugin 'AvfMedia' (referenced via default plugins)
UEBuildTarget.AddPlugin: Enabling plugin 'ImgMedia' (referenced via default plugins)
UEBuildTarget.AddPlugin: Enabling plugin 'LinearTimecode' (referenced via default plugins)
UEBuildTarget.AddPlugin: Enabling plugin 'MediaCompositing' (referenced via default plugins)
UEBuildTarget.AddPlugin: Enabling plugin 'MediaPlayerEditor' (referenced via default plugins)
UEBuildTarget.AddPlugin: Enabling plugin 'WmfMedia' (referenced via default plugins)
UEBuildTarget.AddPlugin: Enabling plugin 'TcpMessaging' (referenced via default plugins)
UEBuildTarget.AddPlugin: Enabling plugin 'UdpMessaging' (referenced via default plugins)
UEBuildTarget.AddPlugin: Enabling plugin 'ActorSequence' (referenced via default plugins)
UEBuildTarget.AddPlugin: Enabling plugin 'LevelSequenceEditor' (referenced via default plugins)
UEBuildTarget.AddPlugin: Enabling plugin 'MatineeToLevelSequence' (referenced via default plugins)
UEBuildTarget.AddPlugin: Enabling plugin 'NetcodeUnitTest' (referenced via default plugins)
UEBuildTarget.AddPlugin: Enabling plugin 'NUTUnrealEngine4' (referenced via default plugins)
UEBuildTarget.AddPlugin: Enabling plugin 'OnlineSubsystemGooglePlay' (referenced via default plugins)
UEBuildTarget.AddPlugin: Enabling plugin 'OnlineSubsystem' (referenced via default plugins -> OnlineSubsystemGooglePlay.uplugin)
UEBuildTarget.AddPlugin: Enabling plugin 'AndroidPermission' (referenced via default plugins -> OnlineSubsystemGooglePlay.uplugin)
UEBuildTarget.AddPlugin: Enabling plugin 'OnlineSubsystemIOS' (referenced via default plugins)
UEBuildTarget.AddPlugin: Enabling plugin 'OnlineSubsystemNull' (referenced via default plugins)
UEBuildTarget.AddPlugin: Enabling plugin 'OnlineSubsystemUtils' (referenced via default plugins -> OnlineSubsystemNull.uplugin)
UEBuildTarget.AddPlugin: Enabling plugin 'LauncherChunkInstaller' (referenced via default plugins)
UEBuildTarget.AddPlugin: Enabling plugin 'AndroidDeviceProfileSelector' (referenced via default plugins)
UEBuildTarget.AddPlugin: Enabling plugin 'AndroidMoviePlayer' (referenced via default plugins)
UEBuildTarget.AddPlugin: Enabling plugin 'AppleMoviePlayer' (referenced via default plugins)
UEBuildTarget.AddPlugin: Enabling plugin 'ArchVisCharacter' (referenced via default plugins)
UEBuildTarget.AddPlugin: Enabling plugin 'AudioCapture' (referenced via default plugins)
UEBuildTarget.AddPlugin: Enabling plugin 'CableComponent' (referenced via default plugins)
UEBuildTarget.AddPlugin: Enabling plugin 'CustomMeshComponent' (referenced via default plugins)
UEBuildTarget.AddPlugin: Enabling plugin 'EditableMesh' (referenced via default plugins)
UEBuildTarget.AddPlugin: Enabling plugin 'ExampleDeviceProfileSelector' (referenced via default plugins)
UEBuildTarget.AddPlugin: Enabling plugin 'Firebase' (referenced via default plugins)
UEBuildTarget.AddPlugin: Enabling plugin 'GoogleCloudMessaging' (referenced via default plugins)
UEBuildTarget.AddPlugin: Enabling plugin 'IOSDeviceProfileSelector' (referenced via default plugins)
UEBuildTarget.AddPlugin: Enabling plugin 'LinuxDeviceProfileSelector' (referenced via default plugins)
UEBuildTarget.AddPlugin: Enabling plugin 'LocationServicesBPLibrary' (referenced via default plugins)
UEBuildTarget.AddPlugin: Enabling plugin 'MobilePatchingUtils' (referenced via default plugins)
UEBuildTarget.AddPlugin: Enabling plugin 'OculusVR' (referenced via default plugins)
UEBuildTarget.AddPlugin: Enabling plugin 'PhysXVehicles' (referenced via default plugins)
UEBuildTarget.AddPlugin: Enabling plugin 'RuntimePhysXCooking' (referenced via default plugins)
UEBuildTarget.AddPlugin: Enabling plugin 'SteamVR' (referenced via default plugins)
UEBuildTarget.AddPlugin: Enabling plugin 'WebMMoviePlayer' (referenced via default plugins)
UEBuildTarget.AddPlugin: Enabling plugin 'WebMMedia' (referenced via default plugins -> WebMMoviePlayer.uplugin)
UEBuildTarget.AddPlugin: Enabling plugin 'WindowsMoviePlayer' (referenced via default plugins)
VCToolChain..ctor: Compiler: C:\Program Files (x86)\Microsoft Visual Studio\2019\Community\VC\Tools\MSVC\14.23.28105\bin\HostX64\x64\cl.exe
VCToolChain..ctor: Linker: C:\Program Files (x86)\Microsoft Visual Studio\2019\Community\VC\Tools\MSVC\14.23.28105\bin\HostX64\x64\link.exe
VCToolChain..ctor: Library Manager: C:\Program Files (x86)\Microsoft Visual Studio\2019\Community\VC\Tools\MSVC\14.23.28105\bin\HostX64\x64\lib.exe
VCToolChain..ctor: Resource Compiler: C:\Program Files (x86)\Windows Kits\10\bin\10.0.18362.0\x64\rc.exe
ProgressWriter.Write: @progress 'Binding IntelliSense data...' 50%
UEBuildTarget.AddPlugin: Ignoring plugin 'Paper2D' (referenced via default plugins) due to absence from supported programs list.
UEBuildTarget.AddPlugin: Ignoring plugin 'AISupport' (referenced via default plugins) due to absence from supported programs list.
UEBuildTarget.AddPlugin: Ignoring plugin 'LightPropagationVolume' (referenced via default plugins) due to absence from supported programs list.
UEBuildTarget.AddPlugin: Ignoring plugin 'ActorLayerUtilities' (referenced via default plugins) due to absence from supported programs list.
UEBuildTarget.AddPlugin: Ignoring plugin 'AnimationSharing' (referenced via default plugins) due to absence from supported programs list.
UEBuildTarget.AddPlugin: Ignoring plugin 'CLionSourceCodeAccess' (referenced via default plugins) due to absence from supported programs list.
UEBuildTarget.AddPlugin: Ignoring plugin 'CodeLiteSourceCodeAccess' (referenced via default plugins) due to absence from supported programs list.
UEBuildTarget.AddPlugin: Ignoring plugin 'GitSourceControl' (referenced via default plugins) due to absence from supported programs list.
UEBuildTarget.AddPlugin: Ignoring plugin 'KDevelopSourceCodeAccess' (referenced via default plugins) due to absence from supported programs list.
UEBuildTarget.AddPlugin: Ignoring plugin 'NullSourceCodeAccess' (referenced via default plugins) due to absence from supported programs list.
UEBuildTarget.AddPlugin: Ignoring plugin 'PerforceSourceControl' (referenced via default plugins) due to absence from supported programs list.
UEBuildTarget.AddPlugin: Ignoring plugin 'SubversionSourceControl' (referenced via default plugins) due to absence from supported programs list.
UEBuildTarget.AddPlugin: Ignoring plugin 'UObjectPlugin' (referenced via default plugins) due to absence from supported programs list.
UEBuildTarget.AddPlugin: Ignoring plugin 'VisualStudioCodeSourceCodeAccess' (referenced via default plugins) due to absence from supported programs list.
UEBuildTarget.AddPlugin: Ignoring plugin 'VisualStudioSourceCodeAccess' (referenced via default plugins) due to absence from supported programs list.
UEBuildTarget.AddPlugin: Ignoring plugin 'XCodeSourceCodeAccess' (referenced via default plugins) due to absence from supported programs list.
UEBuildTarget.AddPlugin: Ignoring plugin 'AssetManagerEditor' (referenced via default plugins) due to absence from supported programs list.
UEBuildTarget.AddPlugin: Ignoring plugin 'CryptoKeys' (referenced via default plugins) due to absence from supported programs list.
UEBuildTarget.AddPlugin: Ignoring plugin 'DataValidation' (referenced via default plugins) due to absence from supported programs list.
UEBuildTarget.AddPlugin: Ignoring plugin 'FacialAnimation' (referenced via default plugins) due to absence from supported programs list.
UEBuildTarget.AddPlugin: Ignoring plugin 'GameplayTagsEditor' (referenced via default plugins) due to absence from supported programs list.
UEBuildTarget.AddPlugin: Ignoring plugin 'MacGraphicsSwitching' (referenced via default plugins) due to absence from supported programs list.
UEBuildTarget.AddPlugin: Ignoring plugin 'MaterialAnalyzer' (referenced via default plugins) due to absence from supported programs list.
UEBuildTarget.AddPlugin: Ignoring plugin 'MobileLauncherProfileWizard' (referenced via default plugins) due to absence from supported programs list.
UEBuildTarget.AddPlugin: Ignoring plugin 'PluginBrowser' (referenced via default plugins) due to absence from supported programs list.
UEBuildTarget.AddPlugin: Ignoring plugin 'SpeedTreeImporter' (referenced via default plugins) due to absence from supported programs list.
UEBuildTarget.AddPlugin: Ignoring plugin 'DatasmithContent' (referenced via default plugins) due to absence from supported programs list.
UEBuildTarget.AddPlugin: Ignoring plugin 'VariantManagerContent' (referenced via default plugins) due to absence from supported programs list.
UEBuildTarget.AddPlugin: Ignoring plugin 'AlembicImporter' (referenced via default plugins) due to absence from supported programs list.
UEBuildTarget.AddPlugin: Ignoring plugin 'AppleImageUtils' (referenced via default plugins) due to absence from supported programs list.
UEBuildTarget.AddPlugin: Ignoring plugin 'AppleVision' (referenced via default plugins) due to absence from supported programs list.
UEBuildTarget.AddPlugin: Ignoring plugin 'BackChannel' (referenced via default plugins) due to absence from supported programs list.
UEBuildTarget.AddPlugin: Ignoring plugin 'CharacterAI' (referenced via default plugins) due to absence from supported programs list.
UEBuildTarget.AddPlugin: Ignoring plugin 'GeometryCache' (referenced via default plugins) due to absence from supported programs list.
UEBuildTarget.AddPlugin: Ignoring plugin 'HTML5Networking' (referenced via default plugins) due to absence from supported programs list.
UEBuildTarget.AddPlugin: Ignoring plugin 'ProxyLODPlugin' (referenced via default plugins) due to absence from supported programs list.
UEBuildTarget.AddPlugin: Ignoring plugin 'SkeletalReduction' (referenced via default plugins) due to absence from supported programs list.
UEBuildTarget.AddPlugin: Ignoring plugin 'MagicLeapMedia' (referenced via default plugins) due to target platform not supported by descriptor.
UEBuildTarget.AddPlugin: Ignoring plugin 'MagicLeap' (referenced via default plugins) due to target platform not supported by descriptor.
UEBuildTarget.AddPlugin: Ignoring plugin 'AndroidMedia' (referenced via default plugins) due to absence from supported programs list.
UEBuildTarget.AddPlugin: Ignoring plugin 'AvfMedia' (referenced via default plugins) due to absence from supported programs list.
UEBuildTarget.AddPlugin: Ignoring plugin 'ImgMedia' (referenced via default plugins) due to absence from supported programs list.
UEBuildTarget.AddPlugin: Ignoring plugin 'LinearTimecode' (referenced via default plugins) due to absence from supported programs list.
UEBuildTarget.AddPlugin: Ignoring plugin 'MediaCompositing' (referenced via default plugins) due to absence from supported programs list.
UEBuildTarget.AddPlugin: Ignoring plugin 'MediaPlayerEditor' (referenced via default plugins) due to absence from supported programs list.
UEBuildTarget.AddPlugin: Ignoring plugin 'WmfMedia' (referenced via default plugins) due to absence from supported programs list.
UEBuildTarget.AddPlugin: Ignoring plugin 'TcpMessaging' (referenced via default plugins) due to absence from supported programs list.
UEBuildTarget.AddPlugin: Ignoring plugin 'UdpMessaging' (referenced via default plugins) due to absence from supported programs list.
UEBuildTarget.AddPlugin: Ignoring plugin 'ActorSequence' (referenced via default plugins) due to absence from supported programs list.
UEBuildTarget.AddPlugin: Ignoring plugin 'LevelSequenceEditor' (referenced via default plugins) due to absence from supported programs list.
UEBuildTarget.AddPlugin: Ignoring plugin 'MatineeToLevelSequence' (referenced via default plugins) due to absence from supported programs list.
UEBuildTarget.AddPlugin: Ignoring plugin 'NetcodeUnitTest' (referenced via default plugins) due to absence from supported programs list.
UEBuildTarget.AddPlugin: Ignoring plugin 'NUTUnrealEngine4' (referenced via default plugins) due to absence from supported programs list.
UEBuildTarget.AddPlugin: Ignoring plugin 'OnlineSubsystemGooglePlay' (referenced via default plugins) due to target platform not supported by descriptor.
UEBuildTarget.AddPlugin: Ignoring plugin 'OnlineSubsystemIOS' (referenced via default plugins) due to target platform not supported by descriptor.
UEBuildTarget.AddPlugin: Ignoring plugin 'OnlineSubsystemNull' (referenced via default plugins) due to absence from supported programs list.
UEBuildTarget.AddPlugin: Ignoring plugin 'OnlineSubsystemUtils' (referenced via default plugins) due to absence from supported programs list.
UEBuildTarget.AddPlugin: Ignoring plugin 'OnlineSubsystem' (referenced via default plugins) due to absence from supported programs list.
UEBuildTarget.AddPlugin: Ignoring plugin 'LauncherChunkInstaller' (referenced via default plugins) due to absence from supported programs list.
UEBuildTarget.AddPlugin: Ignoring plugin 'AndroidDeviceProfileSelector' (referenced via default plugins) due to absence from supported programs list.
UEBuildTarget.AddPlugin: Ignoring plugin 'AndroidMoviePlayer' (referenced via default plugins) due to absence from supported programs list.
UEBuildTarget.AddPlugin: Ignoring plugin 'AndroidPermission' (referenced via default plugins) due to absence from supported programs list.
UEBuildTarget.AddPlugin: Ignoring plugin 'AppleMoviePlayer' (referenced via default plugins) due to absence from supported programs list.
UEBuildTarget.AddPlugin: Ignoring plugin 'ArchVisCharacter' (referenced via default plugins) due to absence from supported programs list.
UEBuildTarget.AddPlugin: Ignoring plugin 'AudioCapture' (referenced via default plugins) due to absence from supported programs list.
UEBuildTarget.AddPlugin: Ignoring plugin 'CableComponent' (referenced via default plugins) due to absence from supported programs list.
UEBuildTarget.AddPlugin: Ignoring plugin 'CustomMeshComponent' (referenced via default plugins) due to absence from supported programs list.
UEBuildTarget.AddPlugin: Ignoring plugin 'EditableMesh' (referenced via default plugins) due to absence from supported programs list.
UEBuildTarget.AddPlugin: Ignoring plugin 'ExampleDeviceProfileSelector' (referenced via default plugins) due to absence from supported programs list.
UEBuildTarget.AddPlugin: Ignoring plugin 'Firebase' (referenced via default plugins) due to target platform not supported by descriptor.
UEBuildTarget.AddPlugin: Ignoring plugin 'GoogleCloudMessaging' (referenced via default plugins) due to absence from supported programs list.
UEBuildTarget.AddPlugin: Ignoring plugin 'IOSDeviceProfileSelector' (referenced via default plugins) due to absence from supported programs list.
UEBuildTarget.AddPlugin: Ignoring plugin 'LinuxDeviceProfileSelector' (referenced via default plugins) due to absence from supported programs list.
UEBuildTarget.AddPlugin: Ignoring plugin 'LocationServicesBPLibrary' (referenced via default plugins) due to absence from supported programs list.
UEBuildTarget.AddPlugin: Ignoring plugin 'MobilePatchingUtils' (referenced via default plugins) due to absence from supported programs list.
UEBuildTarget.AddPlugin: Ignoring plugin 'OculusVR' (referenced via default plugins) due to absence from supported programs list.
UEBuildTarget.AddPlugin: Ignoring plugin 'PhysXVehicles' (referenced via default plugins) due to absence from supported programs list.
UEBuildTarget.AddPlugin: Ignoring plugin 'ProceduralMeshComponent' (referenced via default plugins) due to absence from supported programs list.
UEBuildTarget.AddPlugin: Ignoring plugin 'RuntimePhysXCooking' (referenced via default plugins) due to absence from supported programs list.
UEBuildTarget.AddPlugin: Ignoring plugin 'SteamVR' (referenced via default plugins) due to absence from supported programs list.
UEBuildTarget.AddPlugin: Ignoring plugin 'WebMMoviePlayer' (referenced via default plugins) due to absence from supported programs list.
UEBuildTarget.AddPlugin: Ignoring plugin 'WindowsMoviePlayer' (referenced via default plugins) due to absence from supported programs list.
VCToolChain..ctor: Compiler: C:\Program Files (x86)\Microsoft Visual Studio\2019\Community\VC\Tools\MSVC\14.23.28105\bin\HostX64\x64\cl.exe
VCToolChain..ctor: Linker: C:\Program Files (x86)\Microsoft Visual Studio\2019\Community\VC\Tools\MSVC\14.23.28105\bin\HostX64\x64\link.exe
VCToolChain..ctor: Library Manager: C:\Program Files (x86)\Microsoft Visual Studio\2019\Community\VC\Tools\MSVC\14.23.28105\bin\HostX64\x64\lib.exe
VCToolChain..ctor: Resource Compiler: C:\Program Files (x86)\Windows Kits\10\bin\10.0.18362.0\x64\rc.exe
ProgressWriter.Write: @progress 'Binding IntelliSense data...' 100%
Log.PushStatus: Writing project files...
ProgressWriter.Write: @progress 'Writing project files...' 0%
ProgressWriter.Write: @progress 'Writing project files...' 33%
ProgressWriter.Write: @progress 'Writing project files...' 67%
ProgressWriter.Write: @progress 'Writing project files...' 100%
Timeline.Print: Timeline:
Timeline.Print: 
Timeline.Print: [ 0.000]
Timeline.Print: [ 0.000](+0.025) <unknown>
Timeline.Print: [ 0.025](+0.131) XmlConfig.ReadConfigFiles()
Timeline.Print: [ 0.157](+0.000) SingleInstanceMutex.Acquire()
Timeline.Print: [ 0.157](+0.057) UEBuildPlatform.RegisterPlatforms()
Timeline.Print:   0.157          [ 0.000](+0.027) Initializing InstalledPlatformInfo
Timeline.Print:   0.185          [ 0.028](+0.000) Querying types
Timeline.Print:   0.186          [ 0.029](+0.000) MacPlatformFactory
Timeline.Print:   0.187          [ 0.030](+0.000) TVOSPlatformFactory
Timeline.Print:   0.187          [ 0.030](+0.006) AndroidPlatformFactory
Timeline.Print:   0.193          [ 0.036](+0.013) IOSPlatformFactory
Timeline.Print:   0.207          [ 0.050](+0.003) HTML5PlatformFactory
Timeline.Print:   0.211          [ 0.053](+0.001) LinuxPlatformFactory
Timeline.Print:   0.212          [ 0.055](+0.000) LuminPlatformFactory
Timeline.Print:   0.212          [ 0.055](+0.001) WindowsPlatformFactory
Timeline.Print: [ 0.214](+0.787) <unknown>
Timeline.Print: [ 1.001](+0.001) Finding engine modules
Timeline.Print: [ 1.003](+0.001) Finding plugin modules
Timeline.Print: [ 1.005](+0.088) <unknown>
Timeline.Print: [ 1.093](+0.000) Finding program modules
Timeline.Print: [ 1.093](+0.000) Finding program targets
Timeline.Print: [ 1.093](+0.241) <unknown>
Timeline.Print: [ 1.334](+0.256) Compiling rules assembly (GoogleTestAppModuleRules.dll)
Timeline.Print: [ 1.590](+1.835) <unknown>
Timeline.Print: [ 3.426](+0.000) RulesCompiler.CreateTargetRulesAssembly()
Timeline.Print: [ 3.426](+0.001) RulesAssembly.CreateTargetRules()
Timeline.Print: [ 3.431](+0.004) UEBuildTarget constructor
Timeline.Print: [ 3.435](+0.894) UEBuildTarget.PreBuildSetup()
Timeline.Print: [ 4.329](+0.300) <unknown>
Timeline.Print: [ 4.630](+0.000) RulesCompiler.CreateTargetRulesAssembly()
Timeline.Print: [ 4.630](+0.000) RulesAssembly.CreateTargetRules()
Timeline.Print: [ 4.631](+0.005) UEBuildTarget constructor
Timeline.Print:   4.631          [ 0.000](+0.005) Reading source file metadata cache
Timeline.Print: [ 4.636](+0.004) UEBuildTarget.PreBuildSetup()
Timeline.Print: [ 4.640](+2.999) <unknown>
Timeline.Print: [ 7.639](+0.000) FileMetadataPrefetch.Stop()
Timeline.Print: [ 7.641]
